Using pre-set license
Built from '2020.3/staging' branch; Version is '2020.3.11f1 (99c7afb366b3) revision 10078127'; Using compiler version '192528614'; Build Type 'Release'
OS: 'Windows 10 Pro; OS build 17134.648; Version 1803; 64bit' Language: 'ru' Physical Memory: 16342 MB
BatchMode: 1, IsHumanControllingUs: 0, StartBugReporterOnCrash: 0, Is64bit: 1, IsPro: 0

 COMMAND LINE ARGUMENTS:
C:\Program Files\Unity\Hub\Editor\2020.3.11f1\Editor\Unity.exe
-adb2
-batchMode
-noUpm
-name
AssetImportWorker1
-projectPath
D:/Workspace/Unity Projects/English Gym Kids/Sorting Transport/UNITY BASE
-logFile
Logs/AssetImportWorker1.log
-srvPort
59961
Successfully changed project path to: D:/Workspace/Unity Projects/English Gym Kids/Sorting Transport/UNITY BASE
D:/Workspace/Unity Projects/English Gym Kids/Sorting Transport/UNITY BASE
Using Asset Import Pipeline V2.
Refreshing native plugins compatible for Editor in 61.65 ms, found 3 plugins.
Preloading 0 native plugins for Editor in 0.00 ms.
Initialize engine version: 2020.3.11f1 (99c7afb366b3)
[Subsystems] Discovering subsystems at path C:/Program Files/Unity/Hub/Editor/2020.3.11f1/Editor/Data/Resources/UnitySubsystems
[Subsystems] Discovering subsystems at path D:/Workspace/Unity Projects/English Gym Kids/Sorting Transport/UNITY BASE/Assets
GfxDevice: creating device client; threaded=0
Direct3D:
    Version:  Direct3D 11.0 [level 11.1]
    Renderer: NVIDIA GeForce GTX 1050 (ID=0x1c81)
    Vendor:   
    VRAM:     1977 MB
    Driver:   25.21.14.1881
Initialize mono
Mono path[0] = 'C:/Program Files/Unity/Hub/Editor/2020.3.11f1/Editor/Data/Managed'
Mono path[1] = 'C:/Program Files/Unity/Hub/Editor/2020.3.11f1/Editor/Data/MonoBleedingEdge/lib/mono/unityjit'
Mono config path = 'C:/Program Files/Unity/Hub/Editor/2020.3.11f1/Editor/Data/MonoBleedingEdge/etc'
Using monoOptions --debugger-agent=transport=dt_socket,embedding=1,server=y,suspend=n,address=127.0.0.1:56984
Begin MonoManager ReloadAssembly
Registering precompiled unity dll's ...
Register platform support module: C:/Program Files/Unity/Hub/Editor/2020.3.11f1/Editor/Data/PlaybackEngines/WindowsStandaloneSupport/UnityEditor.WindowsStandalone.Extensions.dll
Registered in 0.001718 seconds.
Native extension for WindowsStandalone target not found
Refreshing native plugins compatible for Editor in 59.03 ms, found 3 plugins.
Preloading 0 native plugins for Editor in 0.00 ms.
Mono: successfully reloaded assembly
- Completed reload, in  1.355 seconds
Platform modules already initialized, skipping
Registering precompiled user dll's ...
Registered in 0.004365 seconds.
Begin MonoManager ReloadAssembly
Native extension for WindowsStandalone target not found
Refreshing native plugins compatible for Editor in 54.93 ms, found 3 plugins.
Preloading 0 native plugins for Editor in 0.00 ms.
Mono: successfully reloaded assembly
- Completed reload, in  1.324 seconds
Platform modules already initialized, skipping
========================================================================
Worker process is ready to serve import requests
Launched and connected shader compiler UnityShaderCompiler.exe after 0.13 seconds
Refreshing native plugins compatible for Editor in 0.62 ms, found 3 plugins.
Preloading 0 native plugins for Editor in 0.00 ms.
Unloading 2390 Unused Serialized files (Serialized files now loaded: 0)
System memory in use before: 110.9 MB.
System memory in use after: 109.6 MB.

Unloading 50 unused Assets to reduce memory usage. Loaded Objects now: 2814.
Total: 3.680588 ms (FindLiveObjects: 0.256341 ms CreateObjectMapping: 0.199338 ms MarkObjects: 2.105680 ms  DeleteObjects: 1.117864 ms)

========================================================================
Received Import Request.
  path: Assets/INTERNAL ASSETS/Art Assets/Sprites/cursor.png
  artifactKey: Guid(e091db5ca342cfa4ca7aadee34ed8d3d) Importer(815301076,1909f56bfc062723c751e8b465ee728b)
Start importing Assets/INTERNAL ASSETS/Art Assets/Sprites/cursor.png using Guid(e091db5ca342cfa4ca7aadee34ed8d3d) Importer(815301076,1909f56bfc062723c751e8b465ee728b)  -> (artifact id: '29afbce3be692a610ba0b10f42efe76f') in 0.143413 seconds
  Import took 0.147671 seconds .

========================================================================
Received Import Request.
  Time since last request: 472.299619 seconds.
  path: Assets/INTERNAL ASSETS/Scripts/Help
  artifactKey: Guid(22f485dd0b52f3a47a5aa605eecc602f) Importer(815301076,1909f56bfc062723c751e8b465ee728b)
Start importing Assets/INTERNAL ASSETS/Scripts/Help using Guid(22f485dd0b52f3a47a5aa605eecc602f) Importer(815301076,1909f56bfc062723c751e8b465ee728b)  -> (artifact id: '4ef08a41d66b4b9df4805c2886ba3f52') in 0.002314 seconds
  Import took 0.008003 seconds .

========================================================================
Received Import Request.
  Time since last request: 11.828399 seconds.
  path: Assets/INTERNAL ASSETS/Scripts/Help/HelpController.cs
  artifactKey: Guid(57d31b502ee63944fa8088fb71336063) Importer(815301076,1909f56bfc062723c751e8b465ee728b)
Start importing Assets/INTERNAL ASSETS/Scripts/Help/HelpController.cs using Guid(57d31b502ee63944fa8088fb71336063) Importer(815301076,1909f56bfc062723c751e8b465ee728b)  -> (artifact id: '7b2fe5caeece547313493a785235b6de') in 0.024380 seconds
  Import took 0.031017 seconds .

========================================================================
Received Prepare
Registering precompiled user dll's ...
Registered in 0.005118 seconds.
Begin MonoManager ReloadAssembly
Native extension for WindowsStandalone target not found
Refreshing native plugins compatible for Editor in 0.52 ms, found 3 plugins.
Preloading 0 native plugins for Editor in 0.00 ms.
Mono: successfully reloaded assembly
- Completed reload, in  1.374 seconds
Platform modules already initialized, skipping
Switching build target platform(19) subTarget(0) extendedPlatform(0) -> platform(13) subTarget(537395200) extendedPlatform(0)
Refreshing native plugins compatible for Editor in 0.52 ms, found 3 plugins.
Preloading 0 native plugins for Editor in 0.00 ms.
Unloading 2353 Unused Serialized files (Serialized files now loaded: 0)
System memory in use before: 110.3 MB.
System memory in use after: 109.0 MB.

Unloading 38 unused Assets to reduce memory usage. Loaded Objects now: 2825.
Total: 3.988470 ms (FindLiveObjects: 0.229375 ms CreateObjectMapping: 0.102400 ms MarkObjects: 2.264741 ms  DeleteObjects: 1.390930 ms)

AssetImportParameters requested are different than current active one (requested -> active):
  custom:graphics/normal-map-encoding: 01000000000000000000000000000000 -> 02000000000000000000000000000000
========================================================================
Received Prepare
Registering precompiled user dll's ...
Registered in 0.004842 seconds.
Begin MonoManager ReloadAssembly
Native extension for WindowsStandalone target not found
Refreshing native plugins compatible for Editor in 0.61 ms, found 3 plugins.
Preloading 0 native plugins for Editor in 0.00 ms.
Mono: successfully reloaded assembly
- Completed reload, in  1.326 seconds
Platform modules already initialized, skipping
Switching build target platform(19) subTarget(0) extendedPlatform(0) -> platform(13) subTarget(537395200) extendedPlatform(0)
Refreshing native plugins compatible for Editor in 0.52 ms, found 3 plugins.
Preloading 0 native plugins for Editor in 0.00 ms.
Unloading 2353 Unused Serialized files (Serialized files now loaded: 0)
System memory in use before: 110.4 MB.
System memory in use after: 109.1 MB.

Unloading 38 unused Assets to reduce memory usage. Loaded Objects now: 2829.
Total: 3.715745 ms (FindLiveObjects: 0.245759 ms CreateObjectMapping: 0.113322 ms MarkObjects: 2.187258 ms  DeleteObjects: 1.167698 ms)

AssetImportParameters requested are different than current active one (requested -> active):
  custom:graphics/normal-map-encoding: 01000000000000000000000000000000 -> 02000000000000000000000000000000
========================================================================
Received Prepare
Registering precompiled user dll's ...
Registered in 0.004531 seconds.
Begin MonoManager ReloadAssembly
Native extension for WindowsStandalone target not found
Refreshing native plugins compatible for Editor in 0.59 ms, found 3 plugins.
Preloading 0 native plugins for Editor in 0.00 ms.
Mono: successfully reloaded assembly
- Completed reload, in  1.330 seconds
Platform modules already initialized, skipping
Switching build target platform(19) subTarget(0) extendedPlatform(0) -> platform(13) subTarget(537395200) extendedPlatform(0)
Refreshing native plugins compatible for Editor in 0.73 ms, found 3 plugins.
Preloading 0 native plugins for Editor in 0.00 ms.
Unloading 2353 Unused Serialized files (Serialized files now loaded: 0)
System memory in use before: 110.4 MB.
System memory in use after: 109.1 MB.

Unloading 38 unused Assets to reduce memory usage. Loaded Objects now: 2833.
Total: 4.145141 ms (FindLiveObjects: 0.242005 ms CreateObjectMapping: 0.114688 ms MarkObjects: 2.589007 ms  DeleteObjects: 1.198418 ms)

AssetImportParameters requested are different than current active one (requested -> active):
  custom:graphics/normal-map-encoding: 01000000000000000000000000000000 -> 02000000000000000000000000000000
========================================================================
Received Prepare
Registering precompiled user dll's ...
Registered in 0.005372 seconds.
Begin MonoManager ReloadAssembly
Native extension for WindowsStandalone target not found
Refreshing native plugins compatible for Editor in 0.55 ms, found 3 plugins.
Preloading 0 native plugins for Editor in 0.00 ms.
Mono: successfully reloaded assembly
- Completed reload, in  1.315 seconds
Platform modules already initialized, skipping
Switching build target platform(19) subTarget(0) extendedPlatform(0) -> platform(13) subTarget(537395200) extendedPlatform(0)
Refreshing native plugins compatible for Editor in 0.74 ms, found 3 plugins.
Preloading 0 native plugins for Editor in 0.00 ms.
Unloading 2353 Unused Serialized files (Serialized files now loaded: 0)
System memory in use before: 110.5 MB.
System memory in use after: 109.1 MB.

Unloading 38 unused Assets to reduce memory usage. Loaded Objects now: 2837.
Total: 4.030112 ms (FindLiveObjects: 0.244053 ms CreateObjectMapping: 0.108544 ms MarkObjects: 2.259621 ms  DeleteObjects: 1.416530 ms)

AssetImportParameters requested are different than current active one (requested -> active):
  custom:graphics/normal-map-encoding: 01000000000000000000000000000000 -> 02000000000000000000000000000000
========================================================================
Received Prepare
Registering precompiled user dll's ...
Registered in 0.004378 seconds.
Begin MonoManager ReloadAssembly
Native extension for WindowsStandalone target not found
Refreshing native plugins compatible for Editor in 0.53 ms, found 3 plugins.
Preloading 0 native plugins for Editor in 0.00 ms.
Mono: successfully reloaded assembly
- Completed reload, in  1.227 seconds
Platform modules already initialized, skipping
Switching build target platform(19) subTarget(0) extendedPlatform(0) -> platform(13) subTarget(537395200) extendedPlatform(0)
Refreshing native plugins compatible for Editor in 0.52 ms, found 3 plugins.
Preloading 0 native plugins for Editor in 0.00 ms.
Unloading 2353 Unused Serialized files (Serialized files now loaded: 0)
System memory in use before: 110.4 MB.
System memory in use after: 109.0 MB.

Unloading 38 unused Assets to reduce memory usage. Loaded Objects now: 2841.
Total: 3.559756 ms (FindLiveObjects: 0.229375 ms CreateObjectMapping: 0.104448 ms MarkObjects: 1.977339 ms  DeleteObjects: 1.247229 ms)

AssetImportParameters requested are different than current active one (requested -> active):
  custom:graphics/normal-map-encoding: 01000000000000000000000000000000 -> 02000000000000000000000000000000
========================================================================
Received Prepare
Registering precompiled user dll's ...
Registered in 0.003895 seconds.
Begin MonoManager ReloadAssembly
Native extension for WindowsStandalone target not found
Refreshing native plugins compatible for Editor in 0.56 ms, found 3 plugins.
Preloading 0 native plugins for Editor in 0.00 ms.
Mono: successfully reloaded assembly
- Completed reload, in  1.211 seconds
Platform modules already initialized, skipping
Switching build target platform(19) subTarget(0) extendedPlatform(0) -> platform(13) subTarget(537395200) extendedPlatform(0)
Refreshing native plugins compatible for Editor in 0.52 ms, found 3 plugins.
Preloading 0 native plugins for Editor in 0.00 ms.
Unloading 2353 Unused Serialized files (Serialized files now loaded: 0)
System memory in use before: 110.4 MB.
System memory in use after: 109.1 MB.

Unloading 38 unused Assets to reduce memory usage. Loaded Objects now: 2845.
Total: 3.877537 ms (FindLiveObjects: 0.290815 ms CreateObjectMapping: 0.194901 ms MarkObjects: 2.169509 ms  DeleteObjects: 1.221288 ms)

AssetImportParameters requested are different than current active one (requested -> active):
  custom:graphics/normal-map-encoding: 01000000000000000000000000000000 -> 02000000000000000000000000000000
========================================================================
Received Prepare
Registering precompiled user dll's ...
Registered in 0.006641 seconds.
Begin MonoManager ReloadAssembly
Native extension for WindowsStandalone target not found
Refreshing native plugins compatible for Editor in 0.56 ms, found 3 plugins.
Preloading 0 native plugins for Editor in 0.00 ms.
Mono: successfully reloaded assembly
- Completed reload, in  1.201 seconds
Platform modules already initialized, skipping
Switching build target platform(19) subTarget(0) extendedPlatform(0) -> platform(13) subTarget(537395200) extendedPlatform(0)
Refreshing native plugins compatible for Editor in 0.52 ms, found 3 plugins.
Preloading 0 native plugins for Editor in 0.00 ms.
Unloading 2353 Unused Serialized files (Serialized files now loaded: 0)
System memory in use before: 110.5 MB.
System memory in use after: 109.2 MB.

Unloading 38 unused Assets to reduce memory usage. Loaded Objects now: 2849.
Total: 3.637921 ms (FindLiveObjects: 0.263509 ms CreateObjectMapping: 0.113664 ms MarkObjects: 1.988262 ms  DeleteObjects: 1.271122 ms)

AssetImportParameters requested are different than current active one (requested -> active):
  custom:graphics/normal-map-encoding: 01000000000000000000000000000000 -> 02000000000000000000000000000000
========================================================================
Received Prepare
Registering precompiled user dll's ...
Registered in 0.003973 seconds.
Begin MonoManager ReloadAssembly
Native extension for WindowsStandalone target not found
Refreshing native plugins compatible for Editor in 0.52 ms, found 3 plugins.
Preloading 0 native plugins for Editor in 0.00 ms.
Mono: successfully reloaded assembly
- Completed reload, in  1.187 seconds
Platform modules already initialized, skipping
Switching build target platform(19) subTarget(0) extendedPlatform(0) -> platform(13) subTarget(537395200) extendedPlatform(0)
Refreshing native plugins compatible for Editor in 0.53 ms, found 3 plugins.
Preloading 0 native plugins for Editor in 0.00 ms.
Unloading 2353 Unused Serialized files (Serialized files now loaded: 0)
System memory in use before: 110.5 MB.
System memory in use after: 109.2 MB.

Unloading 38 unused Assets to reduce memory usage. Loaded Objects now: 2853.
Total: 3.607201 ms (FindLiveObjects: 0.241322 ms CreateObjectMapping: 0.113664 ms MarkObjects: 2.017275 ms  DeleteObjects: 1.233917 ms)

AssetImportParameters requested are different than current active one (requested -> active):
  custom:graphics/normal-map-encoding: 01000000000000000000000000000000 -> 02000000000000000000000000000000
========================================================================
Received Prepare
Registering precompiled user dll's ...
Registered in 0.004251 seconds.
Begin MonoManager ReloadAssembly
Native extension for WindowsStandalone target not found
Refreshing native plugins compatible for Editor in 0.52 ms, found 3 plugins.
Preloading 0 native plugins for Editor in 0.00 ms.
Mono: successfully reloaded assembly
- Completed reload, in  1.185 seconds
Platform modules already initialized, skipping
Switching build target platform(19) subTarget(0) extendedPlatform(0) -> platform(13) subTarget(537395200) extendedPlatform(0)
Refreshing native plugins compatible for Editor in 0.52 ms, found 3 plugins.
Preloading 0 native plugins for Editor in 0.00 ms.
Unloading 2353 Unused Serialized files (Serialized files now loaded: 0)
System memory in use before: 110.5 MB.
System memory in use after: 109.2 MB.

Unloading 38 unused Assets to reduce memory usage. Loaded Objects now: 2857.
Total: 3.755681 ms (FindLiveObjects: 0.278869 ms CreateObjectMapping: 0.121856 ms MarkObjects: 2.077008 ms  DeleteObjects: 1.276242 ms)

AssetImportParameters requested are different than current active one (requested -> active):
  custom:graphics/normal-map-encoding: 01000000000000000000000000000000 -> 02000000000000000000000000000000
========================================================================
Received Prepare
Registering precompiled user dll's ...
Registered in 0.004136 seconds.
Begin MonoManager ReloadAssembly
Native extension for WindowsStandalone target not found
Refreshing native plugins compatible for Editor in 0.52 ms, found 3 plugins.
Preloading 0 native plugins for Editor in 0.00 ms.
Mono: successfully reloaded assembly
- Completed reload, in  1.121 seconds
Platform modules already initialized, skipping
Switching build target platform(19) subTarget(0) extendedPlatform(0) -> platform(13) subTarget(537395200) extendedPlatform(0)
Refreshing native plugins compatible for Editor in 0.54 ms, found 3 plugins.
Preloading 0 native plugins for Editor in 0.00 ms.
Unloading 2353 Unused Serialized files (Serialized files now loaded: 0)
System memory in use before: 110.4 MB.
System memory in use after: 109.1 MB.

Unloading 38 unused Assets to reduce memory usage. Loaded Objects now: 2861.
Total: 3.617100 ms (FindLiveObjects: 0.259754 ms CreateObjectMapping: 0.118784 ms MarkObjects: 1.920678 ms  DeleteObjects: 1.316861 ms)

AssetImportParameters requested are different than current active one (requested -> active):
  custom:graphics/normal-map-encoding: 01000000000000000000000000000000 -> 02000000000000000000000000000000
========================================================================
Received Prepare
Registering precompiled user dll's ...
Registered in 0.004127 seconds.
Begin MonoManager ReloadAssembly
Native extension for WindowsStandalone target not found
Refreshing native plugins compatible for Editor in 0.61 ms, found 3 plugins.
Preloading 0 native plugins for Editor in 0.00 ms.
Mono: successfully reloaded assembly
- Completed reload, in  1.216 seconds
Platform modules already initialized, skipping
Switching build target platform(19) subTarget(0) extendedPlatform(0) -> platform(13) subTarget(537395200) extendedPlatform(0)
Refreshing native plugins compatible for Editor in 0.52 ms, found 3 plugins.
Preloading 0 native plugins for Editor in 0.00 ms.
Unloading 2353 Unused Serialized files (Serialized files now loaded: 0)
System memory in use before: 110.5 MB.
System memory in use after: 109.2 MB.

Unloading 38 unused Assets to reduce memory usage. Loaded Objects now: 2865.
Total: 3.667617 ms (FindLiveObjects: 0.238250 ms CreateObjectMapping: 0.109226 ms MarkObjects: 1.958907 ms  DeleteObjects: 1.359869 ms)

AssetImportParameters requested are different than current active one (requested -> active):
  custom:graphics/normal-map-encoding: 01000000000000000000000000000000 -> 02000000000000000000000000000000
========================================================================
Received Prepare
Registering precompiled user dll's ...
Registered in 0.004392 seconds.
Begin MonoManager ReloadAssembly
Native extension for WindowsStandalone target not found
Refreshing native plugins compatible for Editor in 0.53 ms, found 3 plugins.
Preloading 0 native plugins for Editor in 0.00 ms.
Mono: successfully reloaded assembly
- Completed reload, in  1.241 seconds
Platform modules already initialized, skipping
Switching build target platform(19) subTarget(0) extendedPlatform(0) -> platform(13) subTarget(537395200) extendedPlatform(0)
Refreshing native plugins compatible for Editor in 0.52 ms, found 3 plugins.
Preloading 0 native plugins for Editor in 0.00 ms.
Unloading 2353 Unused Serialized files (Serialized files now loaded: 0)
System memory in use before: 110.5 MB.
System memory in use after: 109.2 MB.

Unloading 38 unused Assets to reduce memory usage. Loaded Objects now: 2869.
Total: 3.654305 ms (FindLiveObjects: 0.276138 ms CreateObjectMapping: 0.157696 ms MarkObjects: 1.957200 ms  DeleteObjects: 1.261906 ms)

AssetImportParameters requested are different than current active one (requested -> active):
  custom:graphics/normal-map-encoding: 01000000000000000000000000000000 -> 02000000000000000000000000000000
========================================================================
Received Prepare
Registering precompiled user dll's ...
Registered in 0.004451 seconds.
Begin MonoManager ReloadAssembly
Native extension for WindowsStandalone target not found
Refreshing native plugins compatible for Editor in 0.73 ms, found 3 plugins.
Preloading 0 native plugins for Editor in 0.00 ms.
Mono: successfully reloaded assembly
- Completed reload, in  1.259 seconds
Platform modules already initialized, skipping
Switching build target platform(19) subTarget(0) extendedPlatform(0) -> platform(13) subTarget(537395200) extendedPlatform(0)
Refreshing native plugins compatible for Editor in 0.52 ms, found 3 plugins.
Preloading 0 native plugins for Editor in 0.00 ms.
Unloading 2353 Unused Serialized files (Serialized files now loaded: 0)
System memory in use before: 110.6 MB.
System memory in use after: 109.2 MB.

Unloading 38 unused Assets to reduce memory usage. Loaded Objects now: 2873.
Total: 3.741004 ms (FindLiveObjects: 0.262826 ms CreateObjectMapping: 0.111274 ms MarkObjects: 2.070864 ms  DeleteObjects: 1.294674 ms)

AssetImportParameters requested are different than current active one (requested -> active):
  custom:graphics/normal-map-encoding: 01000000000000000000000000000000 -> 02000000000000000000000000000000
========================================================================
Received Prepare
Registering precompiled user dll's ...
Registered in 0.004267 seconds.
Begin MonoManager ReloadAssembly
Native extension for WindowsStandalone target not found
Refreshing native plugins compatible for Editor in 0.52 ms, found 3 plugins.
Preloading 0 native plugins for Editor in 0.00 ms.
Mono: successfully reloaded assembly
- Completed reload, in  1.225 seconds
Platform modules already initialized, skipping
Switching build target platform(19) subTarget(0) extendedPlatform(0) -> platform(13) subTarget(537395200) extendedPlatform(0)
Refreshing native plugins compatible for Editor in 0.55 ms, found 3 plugins.
Preloading 0 native plugins for Editor in 0.00 ms.
Unloading 2353 Unused Serialized files (Serialized files now loaded: 0)
System memory in use before: 110.6 MB.
System memory in use after: 109.2 MB.

Unloading 38 unused Assets to reduce memory usage. Loaded Objects now: 2877.
Total: 3.822924 ms (FindLiveObjects: 0.269653 ms CreateObjectMapping: 0.111616 ms MarkObjects: 2.173946 ms  DeleteObjects: 1.266343 ms)

AssetImportParameters requested are different than current active one (requested -> active):
  custom:graphics/normal-map-encoding: 01000000000000000000000000000000 -> 02000000000000000000000000000000
========================================================================
Received Prepare
Registering precompiled user dll's ...
Registered in 0.004513 seconds.
Begin MonoManager ReloadAssembly
Native extension for WindowsStandalone target not found
Refreshing native plugins compatible for Editor in 0.54 ms, found 3 plugins.
Preloading 0 native plugins for Editor in 0.00 ms.
Mono: successfully reloaded assembly
- Completed reload, in  1.293 seconds
Platform modules already initialized, skipping
Switching build target platform(19) subTarget(0) extendedPlatform(0) -> platform(13) subTarget(537395200) extendedPlatform(0)
Refreshing native plugins compatible for Editor in 0.53 ms, found 3 plugins.
Preloading 0 native plugins for Editor in 0.00 ms.
Unloading 2353 Unused Serialized files (Serialized files now loaded: 0)
System memory in use before: 110.4 MB.
System memory in use after: 109.1 MB.

Unloading 38 unused Assets to reduce memory usage. Loaded Objects now: 2881.
Total: 3.815414 ms (FindLiveObjects: 0.404479 ms CreateObjectMapping: 0.128682 ms MarkObjects: 2.043899 ms  DeleteObjects: 1.237330 ms)

AssetImportParameters requested are different than current active one (requested -> active):
  custom:graphics/normal-map-encoding: 01000000000000000000000000000000 -> 02000000000000000000000000000000
========================================================================
Received Prepare
Registering precompiled user dll's ...
Registered in 0.004721 seconds.
Begin MonoManager ReloadAssembly
Native extension for WindowsStandalone target not found
Refreshing native plugins compatible for Editor in 0.55 ms, found 3 plugins.
Preloading 0 native plugins for Editor in 0.00 ms.
Mono: successfully reloaded assembly
- Completed reload, in  1.244 seconds
Platform modules already initialized, skipping
Switching build target platform(19) subTarget(0) extendedPlatform(0) -> platform(13) subTarget(537395200) extendedPlatform(0)
Refreshing native plugins compatible for Editor in 0.68 ms, found 3 plugins.
Preloading 0 native plugins for Editor in 0.00 ms.
Unloading 2353 Unused Serialized files (Serialized files now loaded: 0)
System memory in use before: 110.5 MB.
System memory in use after: 109.2 MB.

Unloading 38 unused Assets to reduce memory usage. Loaded Objects now: 2885.
Total: 3.664887 ms (FindLiveObjects: 0.247466 ms CreateObjectMapping: 0.111274 ms MarkObjects: 2.072571 ms  DeleteObjects: 1.232210 ms)

AssetImportParameters requested are different than current active one (requested -> active):
  custom:graphics/normal-map-encoding: 01000000000000000000000000000000 -> 02000000000000000000000000000000
========================================================================
Received Prepare
Registering precompiled user dll's ...
Registered in 0.004262 seconds.
Begin MonoManager ReloadAssembly
Native extension for WindowsStandalone target not found
Refreshing native plugins compatible for Editor in 0.53 ms, found 3 plugins.
Preloading 0 native plugins for Editor in 0.00 ms.
Mono: successfully reloaded assembly
- Completed reload, in  1.216 seconds
Platform modules already initialized, skipping
Switching build target platform(19) subTarget(0) extendedPlatform(0) -> platform(13) subTarget(537395200) extendedPlatform(0)
Refreshing native plugins compatible for Editor in 0.52 ms, found 3 plugins.
Preloading 0 native plugins for Editor in 0.00 ms.
Unloading 2353 Unused Serialized files (Serialized files now loaded: 0)
System memory in use before: 110.6 MB.
System memory in use after: 109.2 MB.

Unloading 38 unused Assets to reduce memory usage. Loaded Objects now: 2889.
Total: 3.805857 ms (FindLiveObjects: 0.255317 ms CreateObjectMapping: 0.110592 ms MarkObjects: 2.051408 ms  DeleteObjects: 1.387175 ms)

AssetImportParameters requested are different than current active one (requested -> active):
  custom:graphics/normal-map-encoding: 01000000000000000000000000000000 -> 02000000000000000000000000000000
========================================================================
Received Prepare
Registering precompiled user dll's ...
Registered in 0.003929 seconds.
Begin MonoManager ReloadAssembly
Native extension for WindowsStandalone target not found
Refreshing native plugins compatible for Editor in 0.53 ms, found 3 plugins.
Preloading 0 native plugins for Editor in 0.00 ms.
Mono: successfully reloaded assembly
- Completed reload, in  1.304 seconds
Platform modules already initialized, skipping
Switching build target platform(19) subTarget(0) extendedPlatform(0) -> platform(13) subTarget(537395200) extendedPlatform(0)
Refreshing native plugins compatible for Editor in 0.53 ms, found 3 plugins.
Preloading 0 native plugins for Editor in 0.00 ms.
Unloading 2353 Unused Serialized files (Serialized files now loaded: 0)
System memory in use before: 110.6 MB.
System memory in use after: 109.3 MB.

Unloading 38 unused Assets to reduce memory usage. Loaded Objects now: 2893.
Total: 4.677279 ms (FindLiveObjects: 0.647508 ms CreateObjectMapping: 0.626686 ms MarkObjects: 2.049701 ms  DeleteObjects: 1.351677 ms)

AssetImportParameters requested are different than current active one (requested -> active):
  custom:graphics/normal-map-encoding: 01000000000000000000000000000000 -> 02000000000000000000000000000000
========================================================================
Received Prepare
Registering precompiled user dll's ...
Registered in 0.004393 seconds.
Begin MonoManager ReloadAssembly
Native extension for WindowsStandalone target not found
Refreshing native plugins compatible for Editor in 0.52 ms, found 3 plugins.
Preloading 0 native plugins for Editor in 0.00 ms.
Mono: successfully reloaded assembly
- Completed reload, in  1.252 seconds
Platform modules already initialized, skipping
Switching build target platform(19) subTarget(0) extendedPlatform(0) -> platform(13) subTarget(537395200) extendedPlatform(0)
Refreshing native plugins compatible for Editor in 0.56 ms, found 3 plugins.
Preloading 0 native plugins for Editor in 0.00 ms.
Unloading 2353 Unused Serialized files (Serialized files now loaded: 0)
System memory in use before: 110.6 MB.
System memory in use after: 109.3 MB.

Unloading 38 unused Assets to reduce memory usage. Loaded Objects now: 2897.
Total: 3.821558 ms (FindLiveObjects: 0.249173 ms CreateObjectMapping: 0.110933 ms MarkObjects: 2.132987 ms  DeleteObjects: 1.327101 ms)

AssetImportParameters requested are different than current active one (requested -> active):
  custom:graphics/normal-map-encoding: 01000000000000000000000000000000 -> 02000000000000000000000000000000
========================================================================
Received Import Request.
  Time since last request: 6046.720399 seconds.
  path: Assets/INTERNAL ASSETS/Configurations/Green.asset
  artifactKey: Guid(85f4ceb42bd18954f81aef3869829502) Importer(815301076,1909f56bfc062723c751e8b465ee728b)
Start importing Assets/INTERNAL ASSETS/Configurations/Green.asset using Guid(85f4ceb42bd18954f81aef3869829502) Importer(815301076,1909f56bfc062723c751e8b465ee728b)  -> (artifact id: '44be8ab281f93cf203be5b63d0cea05d') in 0.023546 seconds
  Import took 0.028318 seconds .

========================================================================
Received Import Request.
  Time since last request: 0.012903 seconds.
  path: Assets/INTERNAL ASSETS/Configurations/Green.asset
  artifactKey: Guid(85f4ceb42bd18954f81aef3869829502) Importer(815301076,1909f56bfc062723c751e8b465ee728b)
Start importing Assets/INTERNAL ASSETS/Configurations/Green.asset using Guid(85f4ceb42bd18954f81aef3869829502) Importer(815301076,1909f56bfc062723c751e8b465ee728b)  -> (artifact id: '44be8ab281f93cf203be5b63d0cea05d') in 0.003347 seconds
  Import took 0.007916 seconds .

========================================================================
Received Import Request.
  Time since last request: 13.482002 seconds.
  path: Assets/INTERNAL ASSETS/Configurations/Black.asset
  artifactKey: Guid(8159d953eebd28c41b4183ffa5501c1c) Importer(815301076,1909f56bfc062723c751e8b465ee728b)
Start importing Assets/INTERNAL ASSETS/Configurations/Black.asset using Guid(8159d953eebd28c41b4183ffa5501c1c) Importer(815301076,1909f56bfc062723c751e8b465ee728b)  -> (artifact id: 'feba07bdd994f98f0f6dcad5a8b1bfe0') in 0.002780 seconds
  Import took 0.006823 seconds .

========================================================================
Received Prepare
Registering precompiled user dll's ...
Registered in 0.004081 seconds.
Begin MonoManager ReloadAssembly
Native extension for WindowsStandalone target not found
Refreshing native plugins compatible for Editor in 0.58 ms, found 3 plugins.
Preloading 0 native plugins for Editor in 0.00 ms.
Mono: successfully reloaded assembly
- Completed reload, in  1.300 seconds
Platform modules already initialized, skipping
Switching build target platform(19) subTarget(0) extendedPlatform(0) -> platform(13) subTarget(537395200) extendedPlatform(0)
Refreshing native plugins compatible for Editor in 0.73 ms, found 3 plugins.
Preloading 0 native plugins for Editor in 0.00 ms.
Unloading 2353 Unused Serialized files (Serialized files now loaded: 0)
System memory in use before: 110.5 MB.
System memory in use after: 109.2 MB.

Unloading 38 unused Assets to reduce memory usage. Loaded Objects now: 2901.
Total: 4.091211 ms (FindLiveObjects: 0.344746 ms CreateObjectMapping: 0.115370 ms MarkObjects: 2.189306 ms  DeleteObjects: 1.440764 ms)

AssetImportParameters requested are different than current active one (requested -> active):
  custom:graphics/normal-map-encoding: 01000000000000000000000000000000 -> 02000000000000000000000000000000
========================================================================
Received Import Request.
  Time since last request: 108.136557 seconds.
  path: Assets/INTERNAL ASSETS/Configurations/Yellow.asset
  artifactKey: Guid(2b079702da140fc44bbfcf78f150502b) Importer(815301076,1909f56bfc062723c751e8b465ee728b)
Start importing Assets/INTERNAL ASSETS/Configurations/Yellow.asset using Guid(2b079702da140fc44bbfcf78f150502b) Importer(815301076,1909f56bfc062723c751e8b465ee728b)  -> (artifact id: '435f4613a218983d1e40508913db1ffa') in 0.017283 seconds
  Import took 0.021536 seconds .

========================================================================
Received Import Request.
  Time since last request: 35.022169 seconds.
  path: Assets/INTERNAL ASSETS/Art Assets/Sprites/Transport/Black
  artifactKey: Guid(794ef728d6f7fd346b6d4218f7517a2b) Importer(815301076,1909f56bfc062723c751e8b465ee728b)
Start importing Assets/INTERNAL ASSETS/Art Assets/Sprites/Transport/Black using Guid(794ef728d6f7fd346b6d4218f7517a2b) Importer(815301076,1909f56bfc062723c751e8b465ee728b)  -> (artifact id: '1acc113e1e98f331a3a8576ff5204577') in 0.002047 seconds
  Import took 0.006310 seconds .

========================================================================
Received Import Request.
  Time since last request: 21.366164 seconds.
  path: Assets/INTERNAL ASSETS/Art Assets/Sprites/Transport/Black/black_bike.png
  artifactKey: Guid(f959f7e00639bba40b36d30c22da244a) Importer(815301076,1909f56bfc062723c751e8b465ee728b)
Start importing Assets/INTERNAL ASSETS/Art Assets/Sprites/Transport/Black/black_bike.png using Guid(f959f7e00639bba40b36d30c22da244a) Importer(815301076,1909f56bfc062723c751e8b465ee728b)  -> (artifact id: '28c8dc4d79e5a3c9948c2f46ac1280ab') in 0.049083 seconds
  Import took 0.053263 seconds .

========================================================================
Received Import Request.
  Time since last request: 3.959641 seconds.
  path: Assets/INTERNAL ASSETS/Art Assets/Sprites/Transport/Black/Bike.png
  artifactKey: Guid(f959f7e00639bba40b36d30c22da244a) Importer(815301076,1909f56bfc062723c751e8b465ee728b)
Start importing Assets/INTERNAL ASSETS/Art Assets/Sprites/Transport/Black/Bike.png using Guid(f959f7e00639bba40b36d30c22da244a) Importer(815301076,1909f56bfc062723c751e8b465ee728b)  -> (artifact id: 'bc85a23e3f67ebb232e8517d8fc5c8a7') in 0.014156 seconds
  Import took 0.018805 seconds .

========================================================================
Received Import Request.
  Time since last request: 1.456111 seconds.
  path: Assets/INTERNAL ASSETS/Art Assets/Sprites/Transport/Black/black_car.png
  artifactKey: Guid(c1deeb9644b739f48b139a1d4c485d33) Importer(815301076,1909f56bfc062723c751e8b465ee728b)
Start importing Assets/INTERNAL ASSETS/Art Assets/Sprites/Transport/Black/black_car.png using Guid(c1deeb9644b739f48b139a1d4c485d33) Importer(815301076,1909f56bfc062723c751e8b465ee728b)  -> (artifact id: 'e7438b4c2edfe1021d889e2125e4eca2') in 0.016466 seconds
  Import took 0.020217 seconds .

========================================================================
Received Import Request.
  Time since last request: 3.363327 seconds.
  path: Assets/INTERNAL ASSETS/Art Assets/Sprites/Transport/Black/Car.png
  artifactKey: Guid(c1deeb9644b739f48b139a1d4c485d33) Importer(815301076,1909f56bfc062723c751e8b465ee728b)
Start importing Assets/INTERNAL ASSETS/Art Assets/Sprites/Transport/Black/Car.png using Guid(c1deeb9644b739f48b139a1d4c485d33) Importer(815301076,1909f56bfc062723c751e8b465ee728b)  -> (artifact id: '071a27a4375e780aa779bdadd975fd47') in 0.012827 seconds
  Import took 0.018791 seconds .

========================================================================
Received Import Request.
  Time since last request: 1.460620 seconds.
  path: Assets/INTERNAL ASSETS/Art Assets/Sprites/Transport/Black/black_helicopter.png
  artifactKey: Guid(427002d1bee48a94ea202579076eb6b9) Importer(815301076,1909f56bfc062723c751e8b465ee728b)
Start importing Assets/INTERNAL ASSETS/Art Assets/Sprites/Transport/Black/black_helicopter.png using Guid(427002d1bee48a94ea202579076eb6b9) Importer(815301076,1909f56bfc062723c751e8b465ee728b)  -> (artifact id: 'd2b41f1e70c6856888915fbc3bc4b1c5') in 0.011222 seconds
  Import took 0.017184 seconds .

========================================================================
Received Import Request.
  Time since last request: 4.678073 seconds.
  path: Assets/INTERNAL ASSETS/Art Assets/Sprites/Transport/Black/Helicopter.png
  artifactKey: Guid(427002d1bee48a94ea202579076eb6b9) Importer(815301076,1909f56bfc062723c751e8b465ee728b)
Start importing Assets/INTERNAL ASSETS/Art Assets/Sprites/Transport/Black/Helicopter.png using Guid(427002d1bee48a94ea202579076eb6b9) Importer(815301076,1909f56bfc062723c751e8b465ee728b)  -> (artifact id: 'f6260392c3c483e88ac2a3a7fd76eeb9') in 0.011444 seconds
  Import took 0.015322 seconds .

========================================================================
Received Import Request.
  Time since last request: 0.911467 seconds.
  path: Assets/INTERNAL ASSETS/Art Assets/Sprites/Transport/Black/black_tractor.png
  artifactKey: Guid(8455ef1fe8e953c4abba5d09b627b46d) Importer(815301076,1909f56bfc062723c751e8b465ee728b)
Start importing Assets/INTERNAL ASSETS/Art Assets/Sprites/Transport/Black/black_tractor.png using Guid(8455ef1fe8e953c4abba5d09b627b46d) Importer(815301076,1909f56bfc062723c751e8b465ee728b)  -> (artifact id: 'c17c0771d81a17cb4066f09aad78bd35') in 0.014914 seconds
  Import took 0.019209 seconds .

========================================================================
Received Import Request.
  Time since last request: 4.404210 seconds.
  path: Assets/INTERNAL ASSETS/Art Assets/Sprites/Transport/Black/Tractor.png
  artifactKey: Guid(8455ef1fe8e953c4abba5d09b627b46d) Importer(815301076,1909f56bfc062723c751e8b465ee728b)
Start importing Assets/INTERNAL ASSETS/Art Assets/Sprites/Transport/Black/Tractor.png using Guid(8455ef1fe8e953c4abba5d09b627b46d) Importer(815301076,1909f56bfc062723c751e8b465ee728b)  -> (artifact id: 'ef469ce14170fc93b12226bd71049a25') in 0.013054 seconds
  Import took 0.017628 seconds .

========================================================================
Received Prepare
Registering precompiled user dll's ...
Registered in 0.004176 seconds.
Begin MonoManager ReloadAssembly
Native extension for WindowsStandalone target not found
Refreshing native plugins compatible for Editor in 0.54 ms, found 3 plugins.
Preloading 0 native plugins for Editor in 0.00 ms.
Mono: successfully reloaded assembly
- Completed reload, in  1.262 seconds
Platform modules already initialized, skipping
Switching build target platform(19) subTarget(0) extendedPlatform(0) -> platform(13) subTarget(537395200) extendedPlatform(0)
Refreshing native plugins compatible for Editor in 0.52 ms, found 3 plugins.
Preloading 0 native plugins for Editor in 0.00 ms.
Unloading 2353 Unused Serialized files (Serialized files now loaded: 0)
System memory in use before: 110.6 MB.
System memory in use after: 109.3 MB.

Unloading 38 unused Assets to reduce memory usage. Loaded Objects now: 2914.
Total: 4.105888 ms (FindLiveObjects: 0.283647 ms CreateObjectMapping: 0.112298 ms MarkObjects: 2.335738 ms  DeleteObjects: 1.373180 ms)

AssetImportParameters requested are different than current active one (requested -> active):
  custom:graphics/normal-map-encoding: 01000000000000000000000000000000 -> 02000000000000000000000000000000
========================================================================
Received Prepare
Registering precompiled user dll's ...
Registered in 0.003914 seconds.
Begin MonoManager ReloadAssembly
Native extension for WindowsStandalone target not found
Refreshing native plugins compatible for Editor in 0.52 ms, found 3 plugins.
Preloading 0 native plugins for Editor in 0.00 ms.
Mono: successfully reloaded assembly
- Completed reload, in  1.275 seconds
Platform modules already initialized, skipping
Switching build target platform(19) subTarget(0) extendedPlatform(0) -> platform(13) subTarget(537395200) extendedPlatform(0)
Refreshing native plugins compatible for Editor in 0.56 ms, found 3 plugins.
Preloading 0 native plugins for Editor in 0.00 ms.
Unloading 2353 Unused Serialized files (Serialized files now loaded: 0)
System memory in use before: 110.6 MB.
System memory in use after: 109.3 MB.

Unloading 38 unused Assets to reduce memory usage. Loaded Objects now: 2918.
Total: 3.746465 ms (FindLiveObjects: 0.250538 ms CreateObjectMapping: 0.114346 ms MarkObjects: 2.127184 ms  DeleteObjects: 1.253031 ms)

AssetImportParameters requested are different than current active one (requested -> active):
  custom:graphics/normal-map-encoding: 01000000000000000000000000000000 -> 02000000000000000000000000000000
========================================================================
Received Prepare
Registering precompiled user dll's ...
Registered in 0.004142 seconds.
Begin MonoManager ReloadAssembly
Native extension for WindowsStandalone target not found
Refreshing native plugins compatible for Editor in 0.56 ms, found 3 plugins.
Preloading 0 native plugins for Editor in 0.00 ms.
Mono: successfully reloaded assembly
- Completed reload, in  1.267 seconds
Platform modules already initialized, skipping
Switching build target platform(19) subTarget(0) extendedPlatform(0) -> platform(13) subTarget(537395200) extendedPlatform(0)
Refreshing native plugins compatible for Editor in 0.56 ms, found 3 plugins.
Preloading 0 native plugins for Editor in 0.00 ms.
Unloading 2353 Unused Serialized files (Serialized files now loaded: 0)
System memory in use before: 110.7 MB.
System memory in use after: 109.3 MB.

Unloading 38 unused Assets to reduce memory usage. Loaded Objects now: 2922.
Total: 3.696289 ms (FindLiveObjects: 0.259754 ms CreateObjectMapping: 0.123221 ms MarkObjects: 2.064037 ms  DeleteObjects: 1.248594 ms)

AssetImportParameters requested are different than current active one (requested -> active):
  custom:graphics/normal-map-encoding: 01000000000000000000000000000000 -> 02000000000000000000000000000000
========================================================================
Received Prepare
Registering precompiled user dll's ...
Registered in 0.004183 seconds.
Begin MonoManager ReloadAssembly
Native extension for WindowsStandalone target not found
Refreshing native plugins compatible for Editor in 0.52 ms, found 3 plugins.
Preloading 0 native plugins for Editor in 0.00 ms.
Mono: successfully reloaded assembly
- Completed reload, in  1.274 seconds
Platform modules already initialized, skipping
Switching build target platform(19) subTarget(0) extendedPlatform(0) -> platform(13) subTarget(537395200) extendedPlatform(0)
Refreshing native plugins compatible for Editor in 0.74 ms, found 3 plugins.
Preloading 0 native plugins for Editor in 0.00 ms.
Unloading 2353 Unused Serialized files (Serialized files now loaded: 0)
System memory in use before: 110.7 MB.
System memory in use after: 109.3 MB.

Unloading 38 unused Assets to reduce memory usage. Loaded Objects now: 2926.
Total: 4.113397 ms (FindLiveObjects: 0.270335 ms CreateObjectMapping: 0.112640 ms MarkObjects: 2.426874 ms  DeleteObjects: 1.301842 ms)

AssetImportParameters requested are different than current active one (requested -> active):
  custom:graphics/normal-map-encoding: 01000000000000000000000000000000 -> 02000000000000000000000000000000
AssetImportWorkerClient::OnTransportError - code=2 error=End of file
