Using pre-set license
Built from '2020.3/staging' branch; Version is '2020.3.11f1 (99c7afb366b3) revision 10078127'; Using compiler version '192528614'; Build Type 'Release'
OS: 'Windows 10 Pro; OS build 17134.648; Version 1803; 64bit' Language: 'ru' Physical Memory: 16342 MB
BatchMode: 1, IsHumanControllingUs: 0, StartBugReporterOnCrash: 0, Is64bit: 1, IsPro: 0

 COMMAND LINE ARGUMENTS:
C:\Program Files\Unity\Hub\Editor\2020.3.11f1\Editor\Unity.exe
-adb2
-batchMode
-noUpm
-name
AssetImportWorker0
-projectPath
D:/Workspace/Unity Projects/English Gym Kids/Sorting Transport/UNITY BASE
-logFile
Logs/AssetImportWorker0.log
-srvPort
62039
Successfully changed project path to: D:/Workspace/Unity Projects/English Gym Kids/Sorting Transport/UNITY BASE
D:/Workspace/Unity Projects/English Gym Kids/Sorting Transport/UNITY BASE
Using Asset Import Pipeline V2.
Refreshing native plugins compatible for Editor in 69.98 ms, found 3 plugins.
Preloading 0 native plugins for Editor in 0.00 ms.
Initialize engine version: 2020.3.11f1 (99c7afb366b3)
[Subsystems] Discovering subsystems at path C:/Program Files/Unity/Hub/Editor/2020.3.11f1/Editor/Data/Resources/UnitySubsystems
[Subsystems] Discovering subsystems at path D:/Workspace/Unity Projects/English Gym Kids/Sorting Transport/UNITY BASE/Assets
GfxDevice: creating device client; threaded=0
Direct3D:
    Version:  Direct3D 11.0 [level 11.1]
    Renderer: NVIDIA GeForce GTX 1050 (ID=0x1c81)
    Vendor:   
    VRAM:     1977 MB
    Driver:   25.21.14.1881
Initialize mono
Mono path[0] = 'C:/Program Files/Unity/Hub/Editor/2020.3.11f1/Editor/Data/Managed'
Mono path[1] = 'C:/Program Files/Unity/Hub/Editor/2020.3.11f1/Editor/Data/MonoBleedingEdge/lib/mono/unityjit'
Mono config path = 'C:/Program Files/Unity/Hub/Editor/2020.3.11f1/Editor/Data/MonoBleedingEdge/etc'
Using monoOptions --debugger-agent=transport=dt_socket,embedding=1,server=y,suspend=n,address=127.0.0.1:56656
Begin MonoManager ReloadAssembly
Registering precompiled unity dll's ...
Register platform support module: C:/Program Files/Unity/Hub/Editor/2020.3.11f1/Editor/Data/PlaybackEngines/WindowsStandaloneSupport/UnityEditor.WindowsStandalone.Extensions.dll
Registered in 0.006536 seconds.
Native extension for WindowsStandalone target not found
Refreshing native plugins compatible for Editor in 47.37 ms, found 3 plugins.
Preloading 0 native plugins for Editor in 0.00 ms.
Mono: successfully reloaded assembly
- Completed reload, in  1.633 seconds
Platform modules already initialized, skipping
Registering precompiled user dll's ...
Registered in 0.003990 seconds.
Begin MonoManager ReloadAssembly
Native extension for WindowsStandalone target not found
Refreshing native plugins compatible for Editor in 51.59 ms, found 3 plugins.
Preloading 0 native plugins for Editor in 0.00 ms.
Mono: successfully reloaded assembly
- Completed reload, in  1.365 seconds
Platform modules already initialized, skipping
========================================================================
Worker process is ready to serve import requests
Launched and connected shader compiler UnityShaderCompiler.exe after 0.04 seconds
Refreshing native plugins compatible for Editor in 0.53 ms, found 3 plugins.
Preloading 0 native plugins for Editor in 0.00 ms.
Unloading 2369 Unused Serialized files (Serialized files now loaded: 0)
System memory in use before: 110.2 MB.
System memory in use after: 108.9 MB.

Unloading 50 unused Assets to reduce memory usage. Loaded Objects now: 2791.
Total: 3.770700 ms (FindLiveObjects: 0.304810 ms CreateObjectMapping: 0.150869 ms MarkObjects: 2.021712 ms  DeleteObjects: 1.291602 ms)

========================================================================
Received Import Request.
  path: Assets/INTERNAL ASSETS/Scripts/Gameplay/TweenPositionController.cs
  artifactKey: Guid(7142ca9cb80ec294aa66d9483ed196f9) Importer(815301076,1909f56bfc062723c751e8b465ee728b)
Start importing Assets/INTERNAL ASSETS/Scripts/Gameplay/TweenPositionController.cs using Guid(7142ca9cb80ec294aa66d9483ed196f9) Importer(815301076,1909f56bfc062723c751e8b465ee728b)  -> (artifact id: 'd7d1d921beb0f59ac52f01a4a244cf95') in 0.030634 seconds
  Import took 0.034272 seconds .

========================================================================
Received Prepare
Registering precompiled user dll's ...
Registered in 0.004319 seconds.
Begin MonoManager ReloadAssembly
Native extension for WindowsStandalone target not found
Refreshing native plugins compatible for Editor in 0.59 ms, found 3 plugins.
Preloading 0 native plugins for Editor in 0.00 ms.
Mono: successfully reloaded assembly
- Completed reload, in  1.124 seconds
Platform modules already initialized, skipping
Switching build target platform(19) subTarget(0) extendedPlatform(0) -> platform(13) subTarget(537395200) extendedPlatform(0)
Refreshing native plugins compatible for Editor in 0.89 ms, found 3 plugins.
Preloading 0 native plugins for Editor in 0.00 ms.
Unloading 2331 Unused Serialized files (Serialized files now loaded: 0)
System memory in use before: 106.8 MB.
System memory in use after: 105.4 MB.

Unloading 38 unused Assets to reduce memory usage. Loaded Objects now: 2795.
Total: 6.233072 ms (FindLiveObjects: 0.401748 ms CreateObjectMapping: 0.217087 ms MarkObjects: 3.559756 ms  DeleteObjects: 2.052091 ms)

AssetImportParameters requested are different than current active one (requested -> active):
  custom:graphics/normal-map-encoding: 01000000000000000000000000000000 -> 02000000000000000000000000000000
========================================================================
Received Import Request.
  Time since last request: 92.621328 seconds.
  path: Assets/INTERNAL ASSETS/Scripts/Gameplay/TweenPositionController.cs
  artifactKey: Guid(7142ca9cb80ec294aa66d9483ed196f9) Importer(815301076,1909f56bfc062723c751e8b465ee728b)
Start importing Assets/INTERNAL ASSETS/Scripts/Gameplay/TweenPositionController.cs using Guid(7142ca9cb80ec294aa66d9483ed196f9) Importer(815301076,1909f56bfc062723c751e8b465ee728b)  -> (artifact id: 'e2918655fa215d3c261560890ac0502f') in 0.007759 seconds
  Import took 0.014256 seconds .

========================================================================
Received Import Request.
  Time since last request: 17.402510 seconds.
  path: Assets/INTERNAL ASSETS/Scripts/Gameplay/GameModePositionTween.cs
  artifactKey: Guid(9517815a993d7744f8fbbe0f3370ccc3) Importer(815301076,1909f56bfc062723c751e8b465ee728b)
Start importing Assets/INTERNAL ASSETS/Scripts/Gameplay/GameModePositionTween.cs using Guid(9517815a993d7744f8fbbe0f3370ccc3) Importer(815301076,1909f56bfc062723c751e8b465ee728b)  -> (artifact id: 'db608169bfb27c262e08917eac5acc4f') in 0.006975 seconds
  Import took 0.011345 seconds .

========================================================================
Received Prepare
Registering precompiled user dll's ...
Registered in 0.003974 seconds.
Begin MonoManager ReloadAssembly
Native extension for WindowsStandalone target not found
Refreshing native plugins compatible for Editor in 0.62 ms, found 3 plugins.
Preloading 0 native plugins for Editor in 0.00 ms.
Mono: successfully reloaded assembly
- Completed reload, in  1.113 seconds
Platform modules already initialized, skipping
Switching build target platform(19) subTarget(0) extendedPlatform(0) -> platform(13) subTarget(537395200) extendedPlatform(0)
Refreshing native plugins compatible for Editor in 0.51 ms, found 3 plugins.
Preloading 0 native plugins for Editor in 0.00 ms.
Unloading 2332 Unused Serialized files (Serialized files now loaded: 0)
System memory in use before: 106.8 MB.
System memory in use after: 105.5 MB.

Unloading 38 unused Assets to reduce memory usage. Loaded Objects now: 2800.
Total: 3.587063 ms (FindLiveObjects: 0.252245 ms CreateObjectMapping: 0.116736 ms MarkObjects: 2.096123 ms  DeleteObjects: 1.120594 ms)

AssetImportParameters requested are different than current active one (requested -> active):
  custom:graphics/normal-map-encoding: 01000000000000000000000000000000 -> 02000000000000000000000000000000
========================================================================
Received Import Request.
  Time since last request: 22.907287 seconds.
  path: Assets/INTERNAL ASSETS/Scripts/Gameplay/GameStatePositionTween.cs
  artifactKey: Guid(f7b1dd302e9e39340bfd37533120ccdc) Importer(815301076,1909f56bfc062723c751e8b465ee728b)
Start importing Assets/INTERNAL ASSETS/Scripts/Gameplay/GameStatePositionTween.cs using Guid(f7b1dd302e9e39340bfd37533120ccdc) Importer(815301076,1909f56bfc062723c751e8b465ee728b)  -> (artifact id: '0147ae44c04aca23776d995692f1a069') in 0.017987 seconds
  Import took 0.028366 seconds .

========================================================================
Received Prepare
Registering precompiled user dll's ...
Registered in 0.003972 seconds.
Begin MonoManager ReloadAssembly
Native extension for WindowsStandalone target not found
Refreshing native plugins compatible for Editor in 0.54 ms, found 3 plugins.
Preloading 0 native plugins for Editor in 0.00 ms.
Mono: successfully reloaded assembly
- Completed reload, in  1.266 seconds
Platform modules already initialized, skipping
Switching build target platform(19) subTarget(0) extendedPlatform(0) -> platform(13) subTarget(537395200) extendedPlatform(0)
Refreshing native plugins compatible for Editor in 0.51 ms, found 3 plugins.
Preloading 0 native plugins for Editor in 0.00 ms.
Unloading 2333 Unused Serialized files (Serialized files now loaded: 0)
System memory in use before: 106.8 MB.
System memory in use after: 105.5 MB.

Unloading 38 unused Assets to reduce memory usage. Loaded Objects now: 2805.
Total: 3.707895 ms (FindLiveObjects: 0.273407 ms CreateObjectMapping: 0.118442 ms MarkObjects: 1.870843 ms  DeleteObjects: 1.444178 ms)

AssetImportParameters requested are different than current active one (requested -> active):
  custom:graphics/normal-map-encoding: 01000000000000000000000000000000 -> 02000000000000000000000000000000
========================================================================
Received Prepare
Registering precompiled user dll's ...
Registered in 0.004752 seconds.
Begin MonoManager ReloadAssembly
Native extension for WindowsStandalone target not found
Refreshing native plugins compatible for Editor in 0.55 ms, found 3 plugins.
Preloading 0 native plugins for Editor in 0.00 ms.
Mono: successfully reloaded assembly
- Completed reload, in  1.153 seconds
Platform modules already initialized, skipping
Switching build target platform(19) subTarget(0) extendedPlatform(0) -> platform(13) subTarget(537395200) extendedPlatform(0)
Refreshing native plugins compatible for Editor in 0.51 ms, found 3 plugins.
Preloading 0 native plugins for Editor in 0.00 ms.
Unloading 2333 Unused Serialized files (Serialized files now loaded: 0)
System memory in use before: 106.8 MB.
System memory in use after: 105.6 MB.

Unloading 38 unused Assets to reduce memory usage. Loaded Objects now: 2809.
Total: 3.684684 ms (FindLiveObjects: 0.233813 ms CreateObjectMapping: 0.113322 ms MarkObjects: 2.185893 ms  DeleteObjects: 1.150632 ms)

AssetImportParameters requested are different than current active one (requested -> active):
  custom:graphics/normal-map-encoding: 01000000000000000000000000000000 -> 02000000000000000000000000000000
========================================================================
Received Import Request.
  Time since last request: 15.871604 seconds.
  path: Assets/INTERNAL ASSETS/Scripts/Gameplay/GameStatePositionTween.cs
  artifactKey: Guid(f7b1dd302e9e39340bfd37533120ccdc) Importer(815301076,1909f56bfc062723c751e8b465ee728b)
Start importing Assets/INTERNAL ASSETS/Scripts/Gameplay/GameStatePositionTween.cs using Guid(f7b1dd302e9e39340bfd37533120ccdc) Importer(815301076,1909f56bfc062723c751e8b465ee728b)  -> (artifact id: 'd39862a662f517178eefd64f5a5fb35f') in 0.004314 seconds
  Import took 0.007877 seconds .

========================================================================
Received Prepare
Registering precompiled user dll's ...
Registered in 0.004058 seconds.
Begin MonoManager ReloadAssembly
Native extension for WindowsStandalone target not found
Refreshing native plugins compatible for Editor in 0.72 ms, found 3 plugins.
Preloading 0 native plugins for Editor in 0.00 ms.
Mono: successfully reloaded assembly
- Completed reload, in  1.201 seconds
Platform modules already initialized, skipping
Switching build target platform(19) subTarget(0) extendedPlatform(0) -> platform(13) subTarget(537395200) extendedPlatform(0)
Refreshing native plugins compatible for Editor in 0.58 ms, found 3 plugins.
Preloading 0 native plugins for Editor in 0.00 ms.
Unloading 2332 Unused Serialized files (Serialized files now loaded: 0)
System memory in use before: 106.8 MB.
System memory in use after: 105.5 MB.

Unloading 39 unused Assets to reduce memory usage. Loaded Objects now: 2812.
Total: 3.482615 ms (FindLiveObjects: 0.232106 ms CreateObjectMapping: 0.107861 ms MarkObjects: 1.955494 ms  DeleteObjects: 1.185789 ms)

AssetImportParameters requested are different than current active one (requested -> active):
  custom:graphics/normal-map-encoding: 01000000000000000000000000000000 -> 02000000000000000000000000000000
========================================================================
Received Prepare
Registering precompiled user dll's ...
Registered in 0.004220 seconds.
Begin MonoManager ReloadAssembly
Native extension for WindowsStandalone target not found
Refreshing native plugins compatible for Editor in 0.52 ms, found 3 plugins.
Preloading 0 native plugins for Editor in 0.00 ms.
Mono: successfully reloaded assembly
- Completed reload, in  1.077 seconds
Platform modules already initialized, skipping
Switching build target platform(19) subTarget(0) extendedPlatform(0) -> platform(13) subTarget(537395200) extendedPlatform(0)
Refreshing native plugins compatible for Editor in 0.54 ms, found 3 plugins.
Preloading 0 native plugins for Editor in 0.00 ms.
Unloading 2332 Unused Serialized files (Serialized files now loaded: 0)
System memory in use before: 106.9 MB.
System memory in use after: 105.6 MB.

Unloading 38 unused Assets to reduce memory usage. Loaded Objects now: 2816.
Total: 3.519138 ms (FindLiveObjects: 0.246783 ms CreateObjectMapping: 0.115029 ms MarkObjects: 1.966758 ms  DeleteObjects: 1.189544 ms)

AssetImportParameters requested are different than current active one (requested -> active):
  custom:graphics/normal-map-encoding: 01000000000000000000000000000000 -> 02000000000000000000000000000000
========================================================================
Received Import Request.
  Time since last request: 88.766618 seconds.
  path: Assets/INTERNAL ASSETS/Scripts/Gameplay/GameStatePositionTween.cs
  artifactKey: Guid(f7b1dd302e9e39340bfd37533120ccdc) Importer(815301076,1909f56bfc062723c751e8b465ee728b)
Start importing Assets/INTERNAL ASSETS/Scripts/Gameplay/GameStatePositionTween.cs using Guid(f7b1dd302e9e39340bfd37533120ccdc) Importer(815301076,1909f56bfc062723c751e8b465ee728b)  -> (artifact id: '12b8c1c91fcda233df9e5ed39938847c') in 0.005404 seconds
  Import took 0.009423 seconds .

========================================================================
Received Import Request.
  Time since last request: 0.001641 seconds.
  path: Assets/INTERNAL ASSETS/Scripts/Gameplay/GameStatePositionTween.cs
  artifactKey: Guid(f7b1dd302e9e39340bfd37533120ccdc) Importer(815301076,1909f56bfc062723c751e8b465ee728b)
Start importing Assets/INTERNAL ASSETS/Scripts/Gameplay/GameStatePositionTween.cs using Guid(f7b1dd302e9e39340bfd37533120ccdc) Importer(815301076,1909f56bfc062723c751e8b465ee728b)  -> (artifact id: '12b8c1c91fcda233df9e5ed39938847c') in 0.001812 seconds
  Import took 0.006116 seconds .

========================================================================
Received Prepare
Registering precompiled user dll's ...
Registered in 0.003873 seconds.
Begin MonoManager ReloadAssembly
Native extension for WindowsStandalone target not found
Refreshing native plugins compatible for Editor in 0.58 ms, found 3 plugins.
Preloading 0 native plugins for Editor in 0.00 ms.
Mono: successfully reloaded assembly
- Completed reload, in  1.210 seconds
Platform modules already initialized, skipping
Switching build target platform(19) subTarget(0) extendedPlatform(0) -> platform(13) subTarget(537395200) extendedPlatform(0)
Refreshing native plugins compatible for Editor in 0.52 ms, found 3 plugins.
Preloading 0 native plugins for Editor in 0.00 ms.
Unloading 2331 Unused Serialized files (Serialized files now loaded: 0)
System memory in use before: 106.9 MB.
System memory in use after: 105.5 MB.

Unloading 39 unused Assets to reduce memory usage. Loaded Objects now: 2819.
Total: 3.622220 ms (FindLiveObjects: 0.237567 ms CreateObjectMapping: 0.111274 ms MarkObjects: 2.029221 ms  DeleteObjects: 1.243133 ms)

AssetImportParameters requested are different than current active one (requested -> active):
  custom:graphics/normal-map-encoding: 01000000000000000000000000000000 -> 02000000000000000000000000000000
AssetImportWorkerClient::OnTransportError - code=2 error=End of file
